C:\Program Files\Microsoft Visual Studio\2022\Community\MSBuild\Microsoft\VC\v170\Microsoft.CppBuild.targets(534,5): warning MSB8028: The intermediate directory (x64\Debug\) contains files shared from another project (Video-Game-Project.vcxproj).  This can lead to incorrect clean and rebuild behavior.
  Character.cpp
C:\Users\ianmc\OneDrive\01_Folder\Documents\Education\Course Work\CSC-145 - RPG Quest - Data Structures\RPG-Game\RPG-Game\Character.cpp(103,16): warning C4244: 'initializing': conversion from 'double' to 'int', possible loss of data
C:\Users\ianmc\OneDrive\01_Folder\Documents\Education\Course Work\CSC-145 - RPG Quest - Data Structures\RPG-Game\RPG-Game\Character.cpp(108,16): warning C4244: 'initializing': conversion from 'double' to 'int', possible loss of data
C:\Users\ianmc\OneDrive\01_Folder\Documents\Education\Course Work\CSC-145 - RPG Quest - Data Structures\RPG-Game\RPG-Game\Character.cpp(113,16): warning C4244: 'initializing': conversion from 'double' to 'int', possible loss of data
  DialogueNode.cpp
  Enemy.cpp
  Inventory.cpp
  Item.cpp
  main.cpp
  MapNode.cpp
  Menu.cpp
  Player.cpp
  Shop.cpp
  TalkingNPC.cpp
  Generator.cpp
  Roll.cpp
C:\Users\ianmc\OneDrive\01_Folder\Documents\Education\Course Work\CSC-145 - RPG Quest - Data Structures\RPG-Game\RPG-Game\utilities\Roll.cpp(5,41): warning C4244: 'argument': conversion from 'time_t' to 'unsigned int', possible loss of data
  Generating Code...
  RPG-Game.vcxproj -> C:\Users\ianmc\OneDrive\01_Folder\Documents\Education\Course Work\CSC-145 - RPG Quest - Data Structures\RPG-Game\x64\Debug\RPG-Game.exe
