c:\users\ianmc\onedrive\01_folder\documents\education\course work\video-game-project\video-game-project\x64\debug\vc143.pdb
c:\users\ianmc\onedrive\01_folder\documents\education\course work\video-game-project\video-game-project\x64\debug\vc143.idb
c:\users\ianmc\onedrive\01_folder\documents\education\course work\video-game-project\video-game-project\x64\debug\talkingnpc.obj
c:\users\ianmc\onedrive\01_folder\documents\education\course work\video-game-project\video-game-project\x64\debug\shop.obj
c:\users\ianmc\onedrive\01_folder\documents\education\course work\video-game-project\video-game-project\x64\debug\player.obj
c:\users\ianmc\onedrive\01_folder\documents\education\course work\video-game-project\video-game-project\x64\debug\item.obj
c:\users\ianmc\onedrive\01_folder\documents\education\course work\video-game-project\video-game-project\x64\debug\inventory.obj
c:\users\ianmc\onedrive\01_folder\documents\education\course work\video-game-project\video-game-project\x64\debug\enemy.obj
c:\users\ianmc\onedrive\01_folder\documents\education\course work\video-game-project\video-game-project\x64\debug\character.obj
c:\users\ianmc\onedrive\01_folder\documents\education\course work\video-game-project\video-game-project\x64\debug\menu.obj
c:\users\ianmc\onedrive\01_folder\documents\education\course work\video-game-project\video-game-project\x64\debug\mapnode.obj
c:\users\ianmc\onedrive\01_folder\documents\education\course work\video-game-project\video-game-project\x64\debug\main.obj
c:\users\ianmc\onedrive\01_folder\documents\education\course work\video-game-project\video-game-project\x64\debug\dialoguenode.obj
c:\users\ianmc\onedrive\01_folder\documents\education\course work\video-game-project\x64\debug\video-game-project.exe
c:\users\ianmc\onedrive\01_folder\documents\education\course work\video-game-project\x64\debug\video-game-project.pdb
c:\users\ianmc\onedrive\01_folder\documents\education\course work\video-game-project\video-game-project\x64\debug\video-game-project.ilk
c:\users\ianmc\onedrive\01_folder\documents\education\course work\video-game-project\video-game-project\x64\debug\video-ga.9d905faa.tlog\cl.command.1.tlog
c:\users\ianmc\onedrive\01_folder\documents\education\course work\video-game-project\video-game-project\x64\debug\video-ga.9d905faa.tlog\cl.items.tlog
c:\users\ianmc\onedrive\01_folder\documents\education\course work\video-game-project\video-game-project\x64\debug\video-ga.9d905faa.tlog\cl.read.1.tlog
c:\users\ianmc\onedrive\01_folder\documents\education\course work\video-game-project\video-game-project\x64\debug\video-ga.9d905faa.tlog\cl.write.1.tlog
c:\users\ianmc\onedrive\01_folder\documents\education\course work\video-game-project\video-game-project\x64\debug\video-ga.9d905faa.tlog\link.command.1.tlog
c:\users\ianmc\onedrive\01_folder\documents\education\course work\video-game-project\video-game-project\x64\debug\video-ga.9d905faa.tlog\link.read.1.tlog
c:\users\ianmc\onedrive\01_folder\documents\education\course work\video-game-project\video-game-project\x64\debug\video-ga.9d905faa.tlog\link.secondary.1.tlog
c:\users\ianmc\onedrive\01_folder\documents\education\course work\video-game-project\video-game-project\x64\debug\video-ga.9d905faa.tlog\link.write.1.tlog
